{"contracts\\Chainboard.sol":{"l":{"15":153,"37":168,"38":156,"53":52,"55":51,"65":5,"66":5,"76":54,"77":3,"79":51,"89":25,"90":24,"92":23,"93":23,"94":23,"95":23,"96":23,"105":3,"114":3,"125":15,"127":14,"128":14,"131":14,"140":6,"149":5,"158":14,"159":14,"168":13,"180":2,"182":1,"184":1,"194":17,"195":16,"197":15,"199":15,"207":16,"209":1,"210":1,"212":15,"223":8,"224":7,"227":6,"228":6,"232":6,"233":6,"234":6,"235":6},"path":"C:\\Users\\Nico\\Documents\\Projects\\Solidity\\Chainboard\\chainboard\\contracts\\Chainboard.sol","s":{"1":153,"2":168,"3":52,"4":51,"5":5,"6":5,"7":54,"8":3,"9":51,"10":25,"11":24,"12":23,"13":23,"14":23,"15":23,"16":23,"17":3,"18":3,"19":15,"20":14,"21":14,"22":14,"23":6,"24":5,"25":14,"26":14,"27":13,"28":2,"29":1,"30":1,"31":17,"32":16,"33":15,"34":15,"35":16,"36":1,"37":1,"38":15,"39":8,"40":7,"41":6,"42":6,"43":6,"44":6,"45":6,"46":6},"b":{"1":[156,12],"2":[51,1],"3":[3,51],"4":[24,1],"5":[23,1],"6":[14,1],"7":[1,1],"8":[16,1],"9":[15,1],"10":[1,15],"11":[7,1],"12":[6,1],"13":[6,0]},"f":{"1":153,"2":168,"3":52,"4":5,"5":54,"6":25,"7":3,"8":3,"9":15,"10":6,"11":5,"12":14,"13":13,"14":2,"15":17,"16":16,"17":8},"fnMap":{"1":{"name":"constructor","line":14,"loc":{"start":{"line":14,"column":4},"end":{"line":16,"column":4}}},"2":{"name":"isRenter","line":36,"loc":{"start":{"line":36,"column":4},"end":{"line":39,"column":4}}},"3":{"name":"addRenter","line":52,"loc":{"start":{"line":52,"column":4},"end":{"line":56,"column":4}}},"4":{"name":"getRenterStatus","line":64,"loc":{"start":{"line":64,"column":4},"end":{"line":67,"column":4}}},"5":{"name":"renterExists","line":74,"loc":{"start":{"line":74,"column":4},"end":{"line":80,"column":4}}},"6":{"name":"checkOut","line":88,"loc":{"start":{"line":88,"column":4},"end":{"line":97,"column":4}}},"7":{"name":"getLevel","line":104,"loc":{"start":{"line":104,"column":4},"end":{"line":106,"column":4}}},"8":{"name":"getSize","line":113,"loc":{"start":{"line":113,"column":4},"end":{"line":115,"column":4}}},"9":{"name":"checkIn","line":124,"loc":{"start":{"line":124,"column":4},"end":{"line":132,"column":4}}},"10":{"name":"getStart","line":139,"loc":{"start":{"line":139,"column":4},"end":{"line":141,"column":4}}},"11":{"name":"getEnd","line":148,"loc":{"start":{"line":148,"column":4},"end":{"line":150,"column":4}}},"12":{"name":"setDue","line":157,"loc":{"start":{"line":157,"column":4},"end":{"line":160,"column":4}}},"13":{"name":"getDue","line":167,"loc":{"start":{"line":167,"column":4},"end":{"line":169,"column":4}}},"14":{"name":"getActualDuration","line":179,"loc":{"start":{"line":179,"column":4},"end":{"line":185,"column":4}}},"15":{"name":"getTotalDuration","line":193,"loc":{"start":{"line":193,"column":4},"end":{"line":200,"column":4}}},"16":{"name":"handleDuration","line":206,"loc":{"start":{"line":206,"column":4},"end":{"line":214,"column":4}}},"17":{"name":"makePayment","line":222,"loc":{"start":{"line":222,"column":4},"end":{"line":236,"column":4}}}},"statementMap":{"1":{"start":{"line":15,"column":8},"end":{"line":15,"column":25}},"2":{"start":{"line":37,"column":8},"end":{"line":37,"column":80}},"3":{"start":{"line":53,"column":8},"end":{"line":53,"column":84}},"4":{"start":{"line":55,"column":8},"end":{"line":55,"column":103}},"5":{"start":{"line":65,"column":8},"end":{"line":65,"column":47}},"6":{"start":{"line":66,"column":8},"end":{"line":66,"column":51}},"7":{"start":{"line":76,"column":8},"end":{"line":76,"column":3203}},"8":{"start":{"line":77,"column":12},"end":{"line":77,"column":23}},"9":{"start":{"line":79,"column":8},"end":{"line":79,"column":20}},"10":{"start":{"line":89,"column":8},"end":{"line":89,"column":78}},"11":{"start":{"line":90,"column":8},"end":{"line":90,"column":86}},"12":{"start":{"line":92,"column":8},"end":{"line":92,"column":46}},"13":{"start":{"line":93,"column":8},"end":{"line":93,"column":43}},"14":{"start":{"line":94,"column":8},"end":{"line":94,"column":41}},"15":{"start":{"line":95,"column":8},"end":{"line":95,"column":53}},"16":{"start":{"line":96,"column":8},"end":{"line":96,"column":45}},"17":{"start":{"line":105,"column":8},"end":{"line":105,"column":43}},"18":{"start":{"line":114,"column":8},"end":{"line":114,"column":41}},"19":{"start":{"line":125,"column":8},"end":{"line":125,"column":87}},"20":{"start":{"line":127,"column":8},"end":{"line":127,"column":47}},"21":{"start":{"line":128,"column":8},"end":{"line":128,"column":51}},"22":{"start":{"line":131,"column":8},"end":{"line":131,"column":44}},"23":{"start":{"line":140,"column":8},"end":{"line":140,"column":43}},"24":{"start":{"line":149,"column":8},"end":{"line":149,"column":39}},"25":{"start":{"line":158,"column":8},"end":{"line":158,"column":62}},"26":{"start":{"line":159,"column":8},"end":{"line":159,"column":77}},"27":{"start":{"line":168,"column":8},"end":{"line":168,"column":41}},"28":{"start":{"line":180,"column":8},"end":{"line":180,"column":87}},"29":{"start":{"line":182,"column":8},"end":{"line":182,"column":79}},"30":{"start":{"line":184,"column":8},"end":{"line":184,"column":48}},"31":{"start":{"line":194,"column":8},"end":{"line":194,"column":95}},"32":{"start":{"line":195,"column":8},"end":{"line":195,"column":81}},"33":{"start":{"line":197,"column":8},"end":{"line":197,"column":90}},"34":{"start":{"line":199,"column":8},"end":{"line":199,"column":48}},"35":{"start":{"line":207,"column":8},"end":{"line":207,"column":9365}},"36":{"start":{"line":209,"column":12},"end":{"line":209,"column":59}},"37":{"start":{"line":210,"column":12},"end":{"line":210,"column":36}},"38":{"start":{"line":212,"column":12},"end":{"line":212,"column":20}},"39":{"start":{"line":223,"column":8},"end":{"line":223,"column":91}},"40":{"start":{"line":224,"column":8},"end":{"line":224,"column":120}},"41":{"start":{"line":227,"column":8},"end":{"line":227,"column":61}},"42":{"start":{"line":228,"column":8},"end":{"line":228,"column":43}},"43":{"start":{"line":232,"column":8},"end":{"line":232,"column":44}},"44":{"start":{"line":233,"column":8},"end":{"line":233,"column":37}},"45":{"start":{"line":234,"column":8},"end":{"line":234,"column":39}},"46":{"start":{"line":235,"column":8},"end":{"line":235,"column":37}}},"branchMap":{"1":{"line":37,"type":"if","locations":[{"start":{"line":37,"column":8},"end":{"line":37,"column":8}},{"start":{"line":37,"column":8},"end":{"line":37,"column":8}}]},"2":{"line":53,"type":"if","locations":[{"start":{"line":53,"column":8},"end":{"line":53,"column":8}},{"start":{"line":53,"column":8},"end":{"line":53,"column":8}}]},"3":{"line":76,"type":"if","locations":[{"start":{"line":76,"column":8},"end":{"line":76,"column":8}},{"start":{"line":76,"column":8},"end":{"line":76,"column":8}}]},"4":{"line":89,"type":"if","locations":[{"start":{"line":89,"column":8},"end":{"line":89,"column":8}},{"start":{"line":89,"column":8},"end":{"line":89,"column":8}}]},"5":{"line":90,"type":"if","locations":[{"start":{"line":90,"column":8},"end":{"line":90,"column":8}},{"start":{"line":90,"column":8},"end":{"line":90,"column":8}}]},"6":{"line":125,"type":"if","locations":[{"start":{"line":125,"column":8},"end":{"line":125,"column":8}},{"start":{"line":125,"column":8},"end":{"line":125,"column":8}}]},"7":{"line":180,"type":"if","locations":[{"start":{"line":180,"column":8},"end":{"line":180,"column":8}},{"start":{"line":180,"column":8},"end":{"line":180,"column":8}}]},"8":{"line":194,"type":"if","locations":[{"start":{"line":194,"column":8},"end":{"line":194,"column":8}},{"start":{"line":194,"column":8},"end":{"line":194,"column":8}}]},"9":{"line":195,"type":"if","locations":[{"start":{"line":195,"column":8},"end":{"line":195,"column":8}},{"start":{"line":195,"column":8},"end":{"line":195,"column":8}}]},"10":{"line":207,"type":"if","locations":[{"start":{"line":207,"column":8},"end":{"line":207,"column":8}},{"start":{"line":207,"column":8},"end":{"line":207,"column":8}}]},"11":{"line":223,"type":"if","locations":[{"start":{"line":223,"column":8},"end":{"line":223,"column":8}},{"start":{"line":223,"column":8},"end":{"line":223,"column":8}}]},"12":{"line":224,"type":"if","locations":[{"start":{"line":224,"column":8},"end":{"line":224,"column":8}},{"start":{"line":224,"column":8},"end":{"line":224,"column":8}}]},"13":{"line":228,"type":"if","locations":[{"start":{"line":228,"column":8},"end":{"line":228,"column":8}},{"start":{"line":228,"column":8},"end":{"line":228,"column":8}}]}}}}