{"contracts\\Chainboard.sol":{"l":{"15":66,"37":90,"38":90,"53":22,"55":22,"65":4,"66":4,"76":23,"77":1,"79":22,"89":15,"90":15,"92":15,"93":15,"94":15,"95":15,"96":15,"105":2,"114":2,"125":10,"127":10,"128":10,"131":10,"140":4,"149":3,"158":10,"159":10,"168":10,"180":1,"182":1,"184":1,"194":10,"195":10,"196":10,"198":10,"200":10,"208":11,"210":1,"211":1,"213":10,"224":6,"225":6,"228":6,"229":6,"233":6,"234":6,"235":6,"236":6},"path":"C:\\Users\\Nico\\Documents\\Projects\\Solidity\\Chainboard\\chainboard\\contracts\\Chainboard.sol","s":{"1":66,"2":90,"3":22,"4":22,"5":4,"6":4,"7":23,"8":1,"9":22,"10":15,"11":15,"12":15,"13":15,"14":15,"15":15,"16":15,"17":2,"18":2,"19":10,"20":10,"21":10,"22":10,"23":4,"24":3,"25":10,"26":10,"27":10,"28":1,"29":1,"30":1,"31":10,"32":10,"33":10,"34":10,"35":10,"36":11,"37":1,"38":1,"39":10,"40":6,"41":6,"42":6,"43":6,"44":6,"45":6,"46":6,"47":6},"b":{"1":[90,0],"2":[22,0],"3":[1,22],"4":[15,0],"5":[15,0],"6":[10,0],"7":[1,0],"8":[10,0],"9":[10,0],"10":[10,0],"11":[1,10],"12":[6,0],"13":[6,0],"14":[6,0]},"f":{"1":66,"2":90,"3":22,"4":4,"5":23,"6":15,"7":2,"8":2,"9":10,"10":4,"11":3,"12":10,"13":10,"14":1,"15":10,"16":11,"17":6},"fnMap":{"1":{"name":"constructor","line":14,"loc":{"start":{"line":14,"column":4},"end":{"line":16,"column":4}}},"2":{"name":"isRenter","line":36,"loc":{"start":{"line":36,"column":4},"end":{"line":39,"column":4}}},"3":{"name":"addRenter","line":52,"loc":{"start":{"line":52,"column":4},"end":{"line":56,"column":4}}},"4":{"name":"getRenterStatus","line":64,"loc":{"start":{"line":64,"column":4},"end":{"line":67,"column":4}}},"5":{"name":"renterExists","line":74,"loc":{"start":{"line":74,"column":4},"end":{"line":80,"column":4}}},"6":{"name":"checkOut","line":88,"loc":{"start":{"line":88,"column":4},"end":{"line":97,"column":4}}},"7":{"name":"getLevel","line":104,"loc":{"start":{"line":104,"column":4},"end":{"line":106,"column":4}}},"8":{"name":"getSize","line":113,"loc":{"start":{"line":113,"column":4},"end":{"line":115,"column":4}}},"9":{"name":"checkIn","line":124,"loc":{"start":{"line":124,"column":4},"end":{"line":132,"column":4}}},"10":{"name":"getStart","line":139,"loc":{"start":{"line":139,"column":4},"end":{"line":141,"column":4}}},"11":{"name":"getEnd","line":148,"loc":{"start":{"line":148,"column":4},"end":{"line":150,"column":4}}},"12":{"name":"setDue","line":157,"loc":{"start":{"line":157,"column":4},"end":{"line":160,"column":4}}},"13":{"name":"getDue","line":167,"loc":{"start":{"line":167,"column":4},"end":{"line":169,"column":4}}},"14":{"name":"getActualDuration","line":179,"loc":{"start":{"line":179,"column":4},"end":{"line":185,"column":4}}},"15":{"name":"getTotalDuration","line":193,"loc":{"start":{"line":193,"column":4},"end":{"line":201,"column":4}}},"16":{"name":"handleDuration","line":207,"loc":{"start":{"line":207,"column":4},"end":{"line":215,"column":4}}},"17":{"name":"makePayment","line":223,"loc":{"start":{"line":223,"column":4},"end":{"line":237,"column":4}}}},"statementMap":{"1":{"start":{"line":15,"column":8},"end":{"line":15,"column":25}},"2":{"start":{"line":37,"column":8},"end":{"line":37,"column":80}},"3":{"start":{"line":53,"column":8},"end":{"line":53,"column":84}},"4":{"start":{"line":55,"column":8},"end":{"line":55,"column":103}},"5":{"start":{"line":65,"column":8},"end":{"line":65,"column":47}},"6":{"start":{"line":66,"column":8},"end":{"line":66,"column":51}},"7":{"start":{"line":76,"column":8},"end":{"line":76,"column":3203}},"8":{"start":{"line":77,"column":12},"end":{"line":77,"column":23}},"9":{"start":{"line":79,"column":8},"end":{"line":79,"column":20}},"10":{"start":{"line":89,"column":8},"end":{"line":89,"column":78}},"11":{"start":{"line":90,"column":8},"end":{"line":90,"column":86}},"12":{"start":{"line":92,"column":8},"end":{"line":92,"column":46}},"13":{"start":{"line":93,"column":8},"end":{"line":93,"column":43}},"14":{"start":{"line":94,"column":8},"end":{"line":94,"column":41}},"15":{"start":{"line":95,"column":8},"end":{"line":95,"column":53}},"16":{"start":{"line":96,"column":8},"end":{"line":96,"column":45}},"17":{"start":{"line":105,"column":8},"end":{"line":105,"column":43}},"18":{"start":{"line":114,"column":8},"end":{"line":114,"column":41}},"19":{"start":{"line":125,"column":8},"end":{"line":125,"column":87}},"20":{"start":{"line":127,"column":8},"end":{"line":127,"column":47}},"21":{"start":{"line":128,"column":8},"end":{"line":128,"column":51}},"22":{"start":{"line":131,"column":8},"end":{"line":131,"column":44}},"23":{"start":{"line":140,"column":8},"end":{"line":140,"column":43}},"24":{"start":{"line":149,"column":8},"end":{"line":149,"column":39}},"25":{"start":{"line":158,"column":8},"end":{"line":158,"column":62}},"26":{"start":{"line":159,"column":8},"end":{"line":159,"column":77}},"27":{"start":{"line":168,"column":8},"end":{"line":168,"column":41}},"28":{"start":{"line":180,"column":8},"end":{"line":180,"column":87}},"29":{"start":{"line":182,"column":8},"end":{"line":182,"column":79}},"30":{"start":{"line":184,"column":8},"end":{"line":184,"column":48}},"31":{"start":{"line":194,"column":8},"end":{"line":194,"column":94}},"32":{"start":{"line":195,"column":8},"end":{"line":195,"column":83}},"33":{"start":{"line":196,"column":8},"end":{"line":196,"column":83}},"34":{"start":{"line":198,"column":8},"end":{"line":198,"column":90}},"35":{"start":{"line":200,"column":8},"end":{"line":200,"column":48}},"36":{"start":{"line":208,"column":8},"end":{"line":208,"column":9453}},"37":{"start":{"line":210,"column":12},"end":{"line":210,"column":59}},"38":{"start":{"line":211,"column":12},"end":{"line":211,"column":36}},"39":{"start":{"line":213,"column":12},"end":{"line":213,"column":20}},"40":{"start":{"line":224,"column":8},"end":{"line":224,"column":91}},"41":{"start":{"line":225,"column":8},"end":{"line":225,"column":119}},"42":{"start":{"line":228,"column":8},"end":{"line":228,"column":61}},"43":{"start":{"line":229,"column":8},"end":{"line":229,"column":43}},"44":{"start":{"line":233,"column":8},"end":{"line":233,"column":44}},"45":{"start":{"line":234,"column":8},"end":{"line":234,"column":37}},"46":{"start":{"line":235,"column":8},"end":{"line":235,"column":39}},"47":{"start":{"line":236,"column":8},"end":{"line":236,"column":37}}},"branchMap":{"1":{"line":37,"type":"if","locations":[{"start":{"line":37,"column":8},"end":{"line":37,"column":8}},{"start":{"line":37,"column":8},"end":{"line":37,"column":8}}]},"2":{"line":53,"type":"if","locations":[{"start":{"line":53,"column":8},"end":{"line":53,"column":8}},{"start":{"line":53,"column":8},"end":{"line":53,"column":8}}]},"3":{"line":76,"type":"if","locations":[{"start":{"line":76,"column":8},"end":{"line":76,"column":8}},{"start":{"line":76,"column":8},"end":{"line":76,"column":8}}]},"4":{"line":89,"type":"if","locations":[{"start":{"line":89,"column":8},"end":{"line":89,"column":8}},{"start":{"line":89,"column":8},"end":{"line":89,"column":8}}]},"5":{"line":90,"type":"if","locations":[{"start":{"line":90,"column":8},"end":{"line":90,"column":8}},{"start":{"line":90,"column":8},"end":{"line":90,"column":8}}]},"6":{"line":125,"type":"if","locations":[{"start":{"line":125,"column":8},"end":{"line":125,"column":8}},{"start":{"line":125,"column":8},"end":{"line":125,"column":8}}]},"7":{"line":180,"type":"if","locations":[{"start":{"line":180,"column":8},"end":{"line":180,"column":8}},{"start":{"line":180,"column":8},"end":{"line":180,"column":8}}]},"8":{"line":194,"type":"if","locations":[{"start":{"line":194,"column":8},"end":{"line":194,"column":8}},{"start":{"line":194,"column":8},"end":{"line":194,"column":8}}]},"9":{"line":195,"type":"if","locations":[{"start":{"line":195,"column":8},"end":{"line":195,"column":8}},{"start":{"line":195,"column":8},"end":{"line":195,"column":8}}]},"10":{"line":196,"type":"if","locations":[{"start":{"line":196,"column":8},"end":{"line":196,"column":8}},{"start":{"line":196,"column":8},"end":{"line":196,"column":8}}]},"11":{"line":208,"type":"if","locations":[{"start":{"line":208,"column":8},"end":{"line":208,"column":8}},{"start":{"line":208,"column":8},"end":{"line":208,"column":8}}]},"12":{"line":224,"type":"if","locations":[{"start":{"line":224,"column":8},"end":{"line":224,"column":8}},{"start":{"line":224,"column":8},"end":{"line":224,"column":8}}]},"13":{"line":225,"type":"if","locations":[{"start":{"line":225,"column":8},"end":{"line":225,"column":8}},{"start":{"line":225,"column":8},"end":{"line":225,"column":8}}]},"14":{"line":229,"type":"if","locations":[{"start":{"line":229,"column":8},"end":{"line":229,"column":8}},{"start":{"line":229,"column":8},"end":{"line":229,"column":8}}]}}}}