TN:
SF:C:\Users\Nico\Documents\Projects\Solidity\Chainboard\chainboard\contracts\Chainboard.sol
FN:14,constructor
FN:36,isRenter
FN:52,addRenter
FN:64,getRenterStatus
FN:74,renterExists
FN:88,checkOut
FN:104,getLevel
FN:113,getSize
FN:124,checkIn
FN:139,getStart
FN:148,getEnd
FN:157,setDue
FN:167,getDue
FN:179,getActualDuration
FN:193,getTotalDuration
FN:206,handleDuration
FN:222,makePayment
FNF:17
FNH:17
FNDA:153,constructor
FNDA:168,isRenter
FNDA:52,addRenter
FNDA:5,getRenterStatus
FNDA:54,renterExists
FNDA:25,checkOut
FNDA:3,getLevel
FNDA:3,getSize
FNDA:15,checkIn
FNDA:6,getStart
FNDA:5,getEnd
FNDA:14,setDue
FNDA:13,getDue
FNDA:2,getActualDuration
FNDA:17,getTotalDuration
FNDA:16,handleDuration
FNDA:8,makePayment
DA:15,153
DA:37,168
DA:38,156
DA:53,52
DA:55,51
DA:65,5
DA:66,5
DA:76,54
DA:77,3
DA:79,51
DA:89,25
DA:90,24
DA:92,23
DA:93,23
DA:94,23
DA:95,23
DA:96,23
DA:105,3
DA:114,3
DA:125,15
DA:127,14
DA:128,14
DA:131,14
DA:140,6
DA:149,5
DA:158,14
DA:159,14
DA:168,13
DA:180,2
DA:182,1
DA:184,1
DA:194,17
DA:195,16
DA:197,15
DA:199,15
DA:207,16
DA:209,1
DA:210,1
DA:212,15
DA:223,8
DA:224,7
DA:227,6
DA:228,6
DA:232,6
DA:233,6
DA:234,6
DA:235,6
LF:47
LH:47
BRDA:37,1,0,156
BRDA:37,1,1,12
BRDA:53,2,0,51
BRDA:53,2,1,1
BRDA:76,3,0,3
BRDA:76,3,1,51
BRDA:89,4,0,24
BRDA:89,4,1,1
BRDA:90,5,0,23
BRDA:90,5,1,1
BRDA:125,6,0,14
BRDA:125,6,1,1
BRDA:180,7,0,1
BRDA:180,7,1,1
BRDA:194,8,0,16
BRDA:194,8,1,1
BRDA:195,9,0,15
BRDA:195,9,1,1
BRDA:207,10,0,1
BRDA:207,10,1,15
BRDA:223,11,0,7
BRDA:223,11,1,1
BRDA:224,12,0,6
BRDA:224,12,1,1
BRDA:228,13,0,6
BRDA:228,13,1,0
BRF:26
BRH:25
end_of_record
